<?xml version="1.0" encoding="UTF-8"?>
<!-- Generated by org.testng.reporters.JUnitReportReporter -->
<testsuite skipped="0" hostname="SFL5817L470" name="apiTests.test" tests="2" failures="0" timestamp="2021-02-26T14:25:38 AMT" time="0.009" errors="0">
  <testcase name="two" time="0.009" classname="apiTests.test"/>
  <testcase name="one" time="0.000" classname="apiTests.test"/>
</testsuite> <!-- apiTests.test -->
